2025-07-22 00:07:14 | challenge_manager | ERROR | _load_challenges:42 | Failed to load challenge challenges/level3_application_launch.py: ~/.Xauthority: [Errno 2] No such file or directory: '/home/runner/.Xauthority'
2025-07-22 00:07:14 | challenge_manager | ERROR | _load_challenges:42 | Failed to load challenge challenges/level4_ui_navigation.py: ~/.Xauthority: [Errno 2] No such file or directory: '/home/runner/.Xauthority'
2025-07-22 00:07:14 | challenge_manager | ERROR | _load_challenges:42 | Failed to load challenge challenges/level5_complex_tasks.py: ~/.Xauthority: [Errno 2] No such file or directory: '/home/runner/.Xauthority'
2025-07-22 00:07:14 | challenge_manager | ERROR | _load_challenges:42 | Failed to load challenge challenges/level6_file_management.py: ~/.Xauthority: [Errno 2] No such file or directory: '/home/runner/.Xauthority'
2025-07-22 00:07:14 | challenge_manager | ERROR | _load_challenges:42 | Failed to load challenge challenges/level7_advanced_operations.py: ~/.Xauthority: [Errno 2] No such file or directory: '/home/runner/.Xauthority'
2025-07-22 00:07:15 | challenge_manager | ERROR | _load_challenges:42 | Failed to load challenge challenges/level3_application_launch.py: ~/.Xauthority: [Errno 2] No such file or directory: '/home/runner/.Xauthority'
2025-07-22 00:07:15 | challenge_manager | ERROR | _load_challenges:42 | Failed to load challenge challenges/level4_ui_navigation.py: ~/.Xauthority: [Errno 2] No such file or directory: '/home/runner/.Xauthority'
2025-07-22 00:07:15 | challenge_manager | ERROR | _load_challenges:42 | Failed to load challenge challenges/level5_complex_tasks.py: ~/.Xauthority: [Errno 2] No such file or directory: '/home/runner/.Xauthority'
2025-07-22 00:07:15 | challenge_manager | ERROR | _load_challenges:42 | Failed to load challenge challenges/level6_file_management.py: ~/.Xauthority: [Errno 2] No such file or directory: '/home/runner/.Xauthority'
2025-07-22 00:07:15 | challenge_manager | ERROR | _load_challenges:42 | Failed to load challenge challenges/level7_advanced_operations.py: ~/.Xauthority: [Errno 2] No such file or directory: '/home/runner/.Xauthority'
2025-07-22 00:12:38 | challenge_manager | ERROR | _load_challenges:42 | Failed to load challenge challenges/level3_application_launch.py: ~/.Xauthority: [Errno 2] No such file or directory: '/home/runner/.Xauthority'
2025-07-22 00:12:38 | challenge_manager | ERROR | _load_challenges:42 | Failed to load challenge challenges/level4_ui_navigation.py: ~/.Xauthority: [Errno 2] No such file or directory: '/home/runner/.Xauthority'
2025-07-22 00:12:38 | challenge_manager | ERROR | _load_challenges:42 | Failed to load challenge challenges/level5_complex_tasks.py: ~/.Xauthority: [Errno 2] No such file or directory: '/home/runner/.Xauthority'
2025-07-22 00:12:38 | challenge_manager | ERROR | _load_challenges:42 | Failed to load challenge challenges/level6_file_management.py: ~/.Xauthority: [Errno 2] No such file or directory: '/home/runner/.Xauthority'
2025-07-22 00:12:38 | challenge_manager | ERROR | _load_challenges:42 | Failed to load challenge challenges/level7_advanced_operations.py: ~/.Xauthority: [Errno 2] No such file or directory: '/home/runner/.Xauthority'
2025-07-22 00:12:39 | challenge_manager | ERROR | _load_challenges:42 | Failed to load challenge challenges/level3_application_launch.py: ~/.Xauthority: [Errno 2] No such file or directory: '/home/runner/.Xauthority'
2025-07-22 00:12:39 | challenge_manager | ERROR | _load_challenges:42 | Failed to load challenge challenges/level4_ui_navigation.py: ~/.Xauthority: [Errno 2] No such file or directory: '/home/runner/.Xauthority'
2025-07-22 00:12:39 | challenge_manager | ERROR | _load_challenges:42 | Failed to load challenge challenges/level5_complex_tasks.py: ~/.Xauthority: [Errno 2] No such file or directory: '/home/runner/.Xauthority'
2025-07-22 00:12:39 | challenge_manager | ERROR | _load_challenges:42 | Failed to load challenge challenges/level6_file_management.py: ~/.Xauthority: [Errno 2] No such file or directory: '/home/runner/.Xauthority'
2025-07-22 00:12:39 | challenge_manager | ERROR | _load_challenges:42 | Failed to load challenge challenges/level7_advanced_operations.py: ~/.Xauthority: [Errno 2] No such file or directory: '/home/runner/.Xauthority'
2025-07-22 00:13:58 | challenge_manager | ERROR | _load_challenges:42 | Failed to load challenge challenges/level3_application_launch.py: 'AutomationEngine' object has no attribute '_setup_display_environment'
2025-07-22 00:13:58 | challenge_manager | ERROR | _load_challenges:42 | Failed to load challenge challenges/level4_ui_navigation.py: 'AutomationEngine' object has no attribute '_setup_display_environment'
2025-07-22 00:13:58 | challenge_manager | ERROR | _load_challenges:42 | Failed to load challenge challenges/level5_complex_tasks.py: 'AutomationEngine' object has no attribute '_setup_display_environment'
2025-07-22 00:13:58 | challenge_manager | ERROR | _load_challenges:42 | Failed to load challenge challenges/level6_file_management.py: 'AutomationEngine' object has no attribute '_setup_display_environment'
2025-07-22 00:13:58 | challenge_manager | ERROR | _load_challenges:42 | Failed to load challenge challenges/level7_advanced_operations.py: 'AutomationEngine' object has no attribute '_setup_display_environment'
2025-07-22 00:22:32 | Challenge2 | ERROR | _install_kicad:171 | ✗ KiCad installation failed: apt installation failed: [0;93mTools like apt, brew, and yum which modify system dependencies are not directly callable inside Replit. We offer the [1;93mSystem Dependencies[0;93m
pane for easy dependency management.

For more information, please check https://docs.replit.com/replit-workspace/dependency-management , and don't forget to indicate whether you found the
documentation helpful at the bottom of the page!
[0m

2025-07-22 00:22:32 | Challenge2 | ERROR | execute:79 | Step 4 failed: Step 4 failed: Install KiCad
2025-07-22 00:22:32 | Challenge2 | ERROR | execute:94 | Challenge 'Software Installation' failed: Step 4 failed: Install KiCad
2025-07-22 00:22:32 | Challenge2 | ERROR | post_challenge_cleanup:314 | ✗ KiCad installation failed
2025-07-22 00:22:32 | Challenge2 | ERROR | post_challenge_cleanup:315 | Manual installation may be required before proceeding
2025-07-22 00:22:32 | challenge_manager | ERROR | run_challenge:115 | Challenge level 2 failed
2025-07-22 01:25:59 | challenge_manager | ERROR | _load_challenges:42 | Failed to load challenge challenges/level3_application_launch.py: ~/.Xauthority: [Errno 2] No such file or directory: '/home/runner/.Xauthority'
2025-07-22 01:25:59 | challenge_manager | ERROR | _load_challenges:42 | Failed to load challenge challenges/level4_ui_navigation.py: ~/.Xauthority: [Errno 2] No such file or directory: '/home/runner/.Xauthority'
2025-07-22 01:25:59 | challenge_manager | ERROR | _load_challenges:42 | Failed to load challenge challenges/level5_complex_tasks.py: ~/.Xauthority: [Errno 2] No such file or directory: '/home/runner/.Xauthority'
2025-07-22 01:25:59 | challenge_manager | ERROR | _load_challenges:42 | Failed to load challenge challenges/level6_file_management.py: ~/.Xauthority: [Errno 2] No such file or directory: '/home/runner/.Xauthority'
2025-07-22 01:25:59 | challenge_manager | ERROR | _load_challenges:42 | Failed to load challenge challenges/level7_advanced_operations.py: ~/.Xauthority: [Errno 2] No such file or directory: '/home/runner/.Xauthority'
2025-07-22 01:26:00 | challenge_manager | ERROR | _load_challenges:42 | Failed to load challenge challenges/level3_application_launch.py: ~/.Xauthority: [Errno 2] No such file or directory: '/home/runner/.Xauthority'
2025-07-22 01:26:00 | challenge_manager | ERROR | _load_challenges:42 | Failed to load challenge challenges/level4_ui_navigation.py: ~/.Xauthority: [Errno 2] No such file or directory: '/home/runner/.Xauthority'
2025-07-22 01:26:00 | challenge_manager | ERROR | _load_challenges:42 | Failed to load challenge challenges/level5_complex_tasks.py: ~/.Xauthority: [Errno 2] No such file or directory: '/home/runner/.Xauthority'
2025-07-22 01:26:00 | challenge_manager | ERROR | _load_challenges:42 | Failed to load challenge challenges/level6_file_management.py: ~/.Xauthority: [Errno 2] No such file or directory: '/home/runner/.Xauthority'
2025-07-22 01:26:00 | challenge_manager | ERROR | _load_challenges:42 | Failed to load challenge challenges/level7_advanced_operations.py: ~/.Xauthority: [Errno 2] No such file or directory: '/home/runner/.Xauthority'
2025-07-22 01:51:01 | challenge_manager | ERROR | _load_challenges:42 | Failed to load challenge challenges/level3_application_launch.py: ~/.Xauthority: [Errno 2] No such file or directory: '/home/runner/.Xauthority'
2025-07-22 01:51:01 | challenge_manager | ERROR | _load_challenges:42 | Failed to load challenge challenges/level4_ui_navigation.py: ~/.Xauthority: [Errno 2] No such file or directory: '/home/runner/.Xauthority'
2025-07-22 01:51:01 | challenge_manager | ERROR | _load_challenges:42 | Failed to load challenge challenges/level5_complex_tasks.py: ~/.Xauthority: [Errno 2] No such file or directory: '/home/runner/.Xauthority'
2025-07-22 01:51:01 | challenge_manager | ERROR | _load_challenges:42 | Failed to load challenge challenges/level6_file_management.py: ~/.Xauthority: [Errno 2] No such file or directory: '/home/runner/.Xauthority'
2025-07-22 01:51:01 | challenge_manager | ERROR | _load_challenges:42 | Failed to load challenge challenges/level7_advanced_operations.py: ~/.Xauthority: [Errno 2] No such file or directory: '/home/runner/.Xauthority'
2025-07-22 01:51:01 | challenge_manager | ERROR | _load_challenges:42 | Failed to load challenge challenges/level3_application_launch.py: ~/.Xauthority: [Errno 2] No such file or directory: '/home/runner/.Xauthority'
2025-07-22 01:51:01 | challenge_manager | ERROR | _load_challenges:42 | Failed to load challenge challenges/level4_ui_navigation.py: ~/.Xauthority: [Errno 2] No such file or directory: '/home/runner/.Xauthority'
2025-07-22 01:51:01 | challenge_manager | ERROR | _load_challenges:42 | Failed to load challenge challenges/level5_complex_tasks.py: ~/.Xauthority: [Errno 2] No such file or directory: '/home/runner/.Xauthority'
2025-07-22 01:51:01 | challenge_manager | ERROR | _load_challenges:42 | Failed to load challenge challenges/level6_file_management.py: ~/.Xauthority: [Errno 2] No such file or directory: '/home/runner/.Xauthority'
2025-07-22 01:51:01 | challenge_manager | ERROR | _load_challenges:42 | Failed to load challenge challenges/level7_advanced_operations.py: ~/.Xauthority: [Errno 2] No such file or directory: '/home/runner/.Xauthority'
2025-07-22 02:08:33 | challenge_manager | ERROR | _load_challenges:42 | Failed to load challenge challenges/level3_application_launch.py: ~/.Xauthority: [Errno 2] No such file or directory: '/home/runner/.Xauthority'
2025-07-22 02:08:33 | challenge_manager | ERROR | _load_challenges:42 | Failed to load challenge challenges/level4_ui_navigation.py: ~/.Xauthority: [Errno 2] No such file or directory: '/home/runner/.Xauthority'
2025-07-22 02:08:33 | challenge_manager | ERROR | _load_challenges:42 | Failed to load challenge challenges/level5_complex_tasks.py: ~/.Xauthority: [Errno 2] No such file or directory: '/home/runner/.Xauthority'
2025-07-22 02:08:33 | challenge_manager | ERROR | _load_challenges:42 | Failed to load challenge challenges/level6_file_management.py: ~/.Xauthority: [Errno 2] No such file or directory: '/home/runner/.Xauthority'
2025-07-22 02:08:33 | challenge_manager | ERROR | _load_challenges:42 | Failed to load challenge challenges/level7_advanced_operations.py: ~/.Xauthority: [Errno 2] No such file or directory: '/home/runner/.Xauthority'
2025-07-22 02:08:34 | challenge_manager | ERROR | _load_challenges:42 | Failed to load challenge challenges/level3_application_launch.py: ~/.Xauthority: [Errno 2] No such file or directory: '/home/runner/.Xauthority'
2025-07-22 02:08:34 | challenge_manager | ERROR | _load_challenges:42 | Failed to load challenge challenges/level4_ui_navigation.py: ~/.Xauthority: [Errno 2] No such file or directory: '/home/runner/.Xauthority'
2025-07-22 02:08:34 | challenge_manager | ERROR | _load_challenges:42 | Failed to load challenge challenges/level5_complex_tasks.py: ~/.Xauthority: [Errno 2] No such file or directory: '/home/runner/.Xauthority'
2025-07-22 02:08:34 | challenge_manager | ERROR | _load_challenges:42 | Failed to load challenge challenges/level6_file_management.py: ~/.Xauthority: [Errno 2] No such file or directory: '/home/runner/.Xauthority'
2025-07-22 02:08:34 | challenge_manager | ERROR | _load_challenges:42 | Failed to load challenge challenges/level7_advanced_operations.py: ~/.Xauthority: [Errno 2] No such file or directory: '/home/runner/.Xauthority'
2025-07-22 02:19:07 | challenge_manager | ERROR | _load_challenges:42 | Failed to load challenge challenges/level3_application_launch.py: ~/.Xauthority: [Errno 2] No such file or directory: '/home/runner/.Xauthority'
2025-07-22 02:19:07 | challenge_manager | ERROR | _load_challenges:42 | Failed to load challenge challenges/level4_ui_navigation.py: ~/.Xauthority: [Errno 2] No such file or directory: '/home/runner/.Xauthority'
2025-07-22 02:19:07 | challenge_manager | ERROR | _load_challenges:42 | Failed to load challenge challenges/level5_complex_tasks.py: ~/.Xauthority: [Errno 2] No such file or directory: '/home/runner/.Xauthority'
2025-07-22 02:19:07 | challenge_manager | ERROR | _load_challenges:42 | Failed to load challenge challenges/level6_file_management.py: ~/.Xauthority: [Errno 2] No such file or directory: '/home/runner/.Xauthority'
2025-07-22 02:19:07 | challenge_manager | ERROR | _load_challenges:42 | Failed to load challenge challenges/level7_advanced_operations.py: ~/.Xauthority: [Errno 2] No such file or directory: '/home/runner/.Xauthority'
2025-07-22 02:21:05 | challenge_manager | ERROR | _load_challenges:42 | Failed to load challenge challenges/level3_application_launch.py: ~/.Xauthority: [Errno 2] No such file or directory: '/home/runner/.Xauthority'
2025-07-22 02:21:05 | challenge_manager | ERROR | _load_challenges:42 | Failed to load challenge challenges/level4_ui_navigation.py: ~/.Xauthority: [Errno 2] No such file or directory: '/home/runner/.Xauthority'
2025-07-22 02:21:05 | challenge_manager | ERROR | _load_challenges:42 | Failed to load challenge challenges/level5_complex_tasks.py: ~/.Xauthority: [Errno 2] No such file or directory: '/home/runner/.Xauthority'
2025-07-22 02:21:05 | challenge_manager | ERROR | _load_challenges:42 | Failed to load challenge challenges/level6_file_management.py: ~/.Xauthority: [Errno 2] No such file or directory: '/home/runner/.Xauthority'
2025-07-22 02:21:05 | challenge_manager | ERROR | _load_challenges:42 | Failed to load challenge challenges/level7_advanced_operations.py: ~/.Xauthority: [Errno 2] No such file or directory: '/home/runner/.Xauthority'
2025-07-22 02:21:28 | challenge_manager | ERROR | _load_challenges:42 | Failed to load challenge challenges/level3_application_launch.py: ~/.Xauthority: [Errno 2] No such file or directory: '/home/runner/.Xauthority'
2025-07-22 02:21:28 | challenge_manager | ERROR | _load_challenges:42 | Failed to load challenge challenges/level4_ui_navigation.py: ~/.Xauthority: [Errno 2] No such file or directory: '/home/runner/.Xauthority'
2025-07-22 02:21:28 | challenge_manager | ERROR | _load_challenges:42 | Failed to load challenge challenges/level5_complex_tasks.py: ~/.Xauthority: [Errno 2] No such file or directory: '/home/runner/.Xauthority'
2025-07-22 02:21:28 | challenge_manager | ERROR | _load_challenges:42 | Failed to load challenge challenges/level6_file_management.py: ~/.Xauthority: [Errno 2] No such file or directory: '/home/runner/.Xauthority'
2025-07-22 02:21:28 | challenge_manager | ERROR | _load_challenges:42 | Failed to load challenge challenges/level7_advanced_operations.py: ~/.Xauthority: [Errno 2] No such file or directory: '/home/runner/.Xauthority'
2025-07-22 02:21:40 | challenge_manager | ERROR | _load_challenges:42 | Failed to load challenge challenges/level3_application_launch.py: ~/.Xauthority: [Errno 2] No such file or directory: '/home/runner/.Xauthority'
2025-07-22 02:21:40 | challenge_manager | ERROR | _load_challenges:42 | Failed to load challenge challenges/level4_ui_navigation.py: ~/.Xauthority: [Errno 2] No such file or directory: '/home/runner/.Xauthority'
2025-07-22 02:21:40 | challenge_manager | ERROR | _load_challenges:42 | Failed to load challenge challenges/level5_complex_tasks.py: ~/.Xauthority: [Errno 2] No such file or directory: '/home/runner/.Xauthority'
2025-07-22 02:21:40 | challenge_manager | ERROR | _load_challenges:42 | Failed to load challenge challenges/level6_file_management.py: ~/.Xauthority: [Errno 2] No such file or directory: '/home/runner/.Xauthority'
2025-07-22 02:21:40 | challenge_manager | ERROR | _load_challenges:42 | Failed to load challenge challenges/level7_advanced_operations.py: ~/.Xauthority: [Errno 2] No such file or directory: '/home/runner/.Xauthority'
2025-07-22 02:21:41 | challenge_manager | ERROR | _load_challenges:42 | Failed to load challenge challenges/level3_application_launch.py: ~/.Xauthority: [Errno 2] No such file or directory: '/home/runner/.Xauthority'
2025-07-22 02:21:41 | challenge_manager | ERROR | _load_challenges:42 | Failed to load challenge challenges/level4_ui_navigation.py: ~/.Xauthority: [Errno 2] No such file or directory: '/home/runner/.Xauthority'
2025-07-22 02:21:41 | challenge_manager | ERROR | _load_challenges:42 | Failed to load challenge challenges/level5_complex_tasks.py: ~/.Xauthority: [Errno 2] No such file or directory: '/home/runner/.Xauthority'
2025-07-22 02:21:41 | challenge_manager | ERROR | _load_challenges:42 | Failed to load challenge challenges/level6_file_management.py: ~/.Xauthority: [Errno 2] No such file or directory: '/home/runner/.Xauthority'
2025-07-22 02:21:41 | challenge_manager | ERROR | _load_challenges:42 | Failed to load challenge challenges/level7_advanced_operations.py: ~/.Xauthority: [Errno 2] No such file or directory: '/home/runner/.Xauthority'
